This is pdfTeXk, Version 3.141592-1.40.3 (Web2C 7.5.6) (format=pdflatex 2008.1.10)  27 OCT 2011 19:15
entering extended mode
 file:line:error style messages enabled.
 %&-line parsing enabled.
**\input iitmdiss.cls
(./iitmdiss.cls

LaTeX Warning: You have requested package `',
               but the package provides `iitmdiss'.

Package: iitmdiss 2005/03/09 Class for IIT-Madras Dissertations

./iitmdiss.cls:51: LaTeX Error: Missing \begin{document}.

See the LaTeX manual or LaTeX Companion for explanation.
Type  H <return>  for immediate help.
 ...                                              
                                                  
l.51 \newif\if@
               PhD
You're in trouble here.  Try typing  <return>  to proceed.
If that doesn't work, type  X <return>  to quit.

Missing character: There is no @ in font nullfont!
Missing character: There is no P in font nullfont!
Missing character: There is no h in font nullfont!
Missing character: There is no D in font nullfont!
Missing character: There is no @ in font nullfont!
Missing character: There is no M in font nullfont!
Missing character: There is no S in font nullfont!
Missing character: There is no @ in font nullfont!
Missing character: There is no M in font nullfont!
Missing character: There is no T in font nullfont!
Missing character: There is no e in font nullfont!
Missing character: There is no c in font nullfont!
Missing character: There is no h in font nullfont!
Missing character: There is no @ in font nullfont!
Missing character: There is no B in font nullfont!
Missing character: There is no T in font nullfont!
Missing character: There is no e in font nullfont!
Missing character: There is no c in font nullfont!
Missing character: There is no h in font nullfont!
Missing character: There is no @ in font nullfont!
Missing character: There is no S in font nullfont!
Missing character: There is no y in font nullfont!
Missing character: There is no n in font nullfont!
Missing character: There is no o in font nullfont!
Missing character: There is no p in font nullfont!
Missing character: There is no s in font nullfont!
Missing character: There is no i in font nullfont!
Missing character: There is no s in font nullfont!

Overfull \hbox (20.0pt too wide) in paragraph at lines 51--56
[]
 []

(/usr/local/texlive/2007/texmf-dist/tex/latex/base/report.cls
Document Class: report 2005/09/16 v1.4f Standard LaTeX document class
(/usr/local/texlive/2007/texmf-dist/tex/latex/base/size12.clo
File: size12.clo 2005/09/16 v1.4f Standard LaTeX file (size option)

/usr/local/texlive/2007/texmf-dist/tex/latex/base/size12.clo:119: Font OT1/cmr/
m/n/12= not loadable: Metric (TFM) file not found.
<to be read again> 
                   relax 
l.119     \ifdim\@tempdima>
                           2\@tempdimb\relax
I wasn't able to read the size data for this font,
so I will ignore the font specification.
[Wizards can fix TFM files using TFtoPL/PLtoTF.]
You might try inserting a different font spec;
e.g., type `I\font<same font id>=<substitute font name>'.

/usr/local/texlive/2007/texmf-dist/tex/latex/base/size12.clo:124: Extra \else.
l.124   \else
             
I'm ignoring this; it doesn't match any \if.

)
\c@part=\count79
\c@chapter=\count80
\c@section=\count81
\c@subsection=\count82
\c@subsubsection=\count83
\c@paragraph=\count84
\c@subparagraph=\count85
\c@figure=\count86
\c@table=\count87
\abovecaptionskip=\skip41
\belowcaptionskip=\skip42
\bibindent=\dimen102
Missing character: There is no 1 in font nullfont!
 [1]) (/usr/local/texlive/2007/texmf-dist/tex/latex/geometry/geometry.sty
Package: geometry 2002/07/08 v3.2 Page Geometry

(/usr/local/texlive/2007/texmf-dist/tex/latex/graphics/keyval.sty
Package: keyval 1999/03/16 v1.13 key=value parser (DPC)
\KV@toks@=\toks14
)
\Gm@cnth=\count88
\Gm@cntv=\count89
\c@Gm@tempcnt=\count90
\Gm@bindingoffset=\dimen103
\Gm@wd@mp=\dimen104
\Gm@odd@mp=\dimen105
\Gm@even@mp=\dimen106
\Gm@dimlist=\toks15

(/usr/local/texlive/2007/texmf-dist/tex/xelatex/xetexconfig/geometry.cfg)

Package geometry Warning: Over-specification in `h'-direction.
    `width' (0.8\paperwidth ) is ignored.


Package geometry Warning: Over-specification in `v'-direction.
    `height' (0.9\paperheight ) is ignored.

)

./iitmdiss.cls:78: LaTeX Error: Missing \begin{document}.

See the LaTeX manual or LaTeX Companion for explanation.
Type  H <return>  for immediate help.
 ...                                              
                                                  
l.78 \renewcommand{\@pnumwidth}
                               {2.5em}
You're in trouble here.  Try typing  <return>  to proceed.
If that doesn't work, type  X <return>  to quit.

Missing character: There is no n in font nullfont!
Missing character: There is no u in font nullfont!
Missing character: There is no m in font nullfont!
Missing character: There is no w in font nullfont!
Missing character: There is no i in font nullfont!
Missing character: There is no d in font nullfont!
Missing character: There is no t in font nullfont!
Missing character: There is no h in font nullfont!
Missing character: There is no 2 in font nullfont!
Missing character: There is no . in font nullfont!
Missing character: There is no 5 in font nullfont!
Missing character: There is no e in font nullfont!
Missing character: There is no m in font nullfont!
(./setspace.sty
Package: setspace 2000/12/01 6.7 Contributed and Supported LaTeX2e package

Package: `setspace' 6.7 <2000/12/01>
) (./atbeginend.sty)
(/usr/local/texlive/2007/texmf-dist/tex/latex/caption/caption.sty
Package: caption 2007/01/07 v3.0k Customising captions (AR)

(/usr/local/texlive/2007/texmf-dist/tex/latex/caption/caption3.sty
Package: caption3 2007/01/07 v3.0k caption3 kernel (AR)
\captionmargin=\dimen107
\captionmarginx=\dimen108
\captionwidth=\dimen109
\captionindent=\dimen110
\captionparindent=\dimen111
\captionhangindent=\dimen112
))
(/usr/local/texlive/2007/texmf-dist/tex/latex/natbib/natbib.sty
Package: natbib 2007/02/05 8.0 (PWD)


/usr/local/texlive/2007/texmf-dist/tex/latex/natbib/natbib.sty:321: LaTeX Error
: Unknown option `alpha' for package `natbib'.

See the LaTeX manual or LaTeX Companion for explanation.
Type  H <return>  for immediate help.
 ...                                              
                                                  
l.321 \newcommand
                 \NAT@aysep{,} \newcommand\NAT@yrsep{,}
The option `alpha' was not declared in package `natbib', perhaps you
misspelled its name. Try typing  <return>  to proceed.

\bibhang=\skip43
\bibsep=\skip44
LaTeX Info: Redefining \cite on input line 602.
\c@NAT@ctr=\count91
)

./iitmdiss.cls:111: LaTeX Error: Command \bibstyle already defined.
               Or name \end... illegal, see p.192 of the manual.

See the LaTeX manual or LaTeX Companion for explanation.
Type  H <return>  for immediate help.
 ...                                              
                                                  
l.111      \gdef\NAT@biblabel##1{##1. }}
                                        
Your command was ignored.
Type  I <command> <return>  to replace it with another command,
or  <return>  to continue without it.


./iitmdiss.cls:111: LaTeX Error: Missing \begin{document}.

See the LaTeX manual or LaTeX Companion for explanation.
Type  H <return>  for immediate help.
 ...                                              
                                                  
l.111      \gdef\NAT@biblabel##1{##1. }}
                                        
You're in trouble here.  Try typing  <return>  to proceed.
If that doesn't work, type  X <return>  to quit.

Missing character: There is no i in font nullfont!
Missing character: There is no i in font nullfont!
Missing character: There is no t in font nullfont!
Missing character: There is no m in font nullfont!
./iitmdiss.cls:111: Missing number, treated as zero.
<to be read again> 
                   i
l.111      \gdef\NAT@biblabel##1{##1. }}
                                        
A number should have been here; I inserted `0'.
(If you can't figure out why I needed to see a number,
look up `weird error' in the index to The TeXbook.)

./iitmdiss.cls:111: You already have nine parameters.
\reserved@a ...pandafter \bibstyle \reserved@b #10
                                                  i{
l.111      \gdef\NAT@biblabel##1{##1. }}
                                        
I'm going to ignore the # sign you just used.

./iitmdiss.cls:111: Parameters must be numbered consecutively.
<to be read again> 
                   ##
l.111      \gdef\NAT@biblabel##1{##1. }}
                                        
I've inserted the digit you should have used after the #.
Type `1' to delete what you did use.

./iitmdiss.cls:111: Parameters must be numbered consecutively.
<to be read again> 
                   1
l.111      \gdef\NAT@biblabel##1{##1. }}
                                        
I've inserted the digit you should have used after the #.
Type `1' to delete what you did use.

)
! Emergency stop.
<*> \input iitmdiss.cls
                       
*** (job aborted, no legal \end found)

 
Here is how much of TeX's memory you used:
 1302 strings out of 94073
 18946 string characters out of 1162984
 74003 words of memory out of 1500000
 4650 multiletter control sequences out of 10000+50000
 3640 words of font info for 14 fonts, out of 1200000 for 2000
 645 hyphenation exceptions out of 8191
 35i,4n,39p,194b,109s stack positions out of 5000i,500n,6000p,200000b,5000s
!  ==> Fatal error occurred, no output PDF file produced!
