\BOOKMARK [0][-]{chapter*.1}{ACKNOWLEDGEMENTS}{}
\BOOKMARK [0][-]{chapter*.2}{ABSTRACT}{}
\BOOKMARK [0][-]{chapter*.4}{LIST OF TABLES}{}
\BOOKMARK [0][-]{chapter*.5}{LIST OF FIGURES}{}
\BOOKMARK [0][-]{chapter*.6}{ABBREVIATIONS}{}
\BOOKMARK [0][-]{chapter*.7}{NOTATION}{}
\BOOKMARK [0][-]{chapter.1}{Introduction}{}
\BOOKMARK [1][-]{section.1.1}{Illustration of the problem}{chapter.1}
\BOOKMARK [1][-]{section.1.2}{Basic preliminaries - general definitions and nomenclature}{chapter.1}
\BOOKMARK [1][-]{section.1.3}{Consecutive-ones Property Testing - a Brief Survey}{chapter.1}
\BOOKMARK [2][-]{subsection.1.3.1}{Matrices with COP}{section.1.3}
\BOOKMARK [2][-]{subsection.1.3.2}{Optimization problems in COP}{section.1.3}
\BOOKMARK [1][-]{section.1.4}{Application of COP in areas of Graph theory and algorithms}{chapter.1}
\BOOKMARK [2][-]{subsection.1.4.1}{COP in relational database model}{section.1.4}
\BOOKMARK [2][-]{subsection.1.4.2}{COP in graph isomorphism}{section.1.4}
\BOOKMARK [2][-]{subsection.1.4.3}{Invention of certifying algorithms using COP}{section.1.4}
\BOOKMARK [1][-]{section.1.5}{Generalization of COP - The Motivation}{chapter.1}
\BOOKMARK [1][-]{section.1.6}{Summary of results}{chapter.1}
\BOOKMARK [0][-]{chapter.2}{Consecutive-ones Property - a Survey of Important Results}{}
\BOOKMARK [1][-]{section.2.1}{Matrices with COP}{chapter.2}
\BOOKMARK [1][-]{section.2.2}{Optimization problems in COP}{chapter.2}
\BOOKMARK [0][-]{chapter.3}{Tree Path Labeling of Path Hypergraphs - the New Results}{}
\BOOKMARK [1][-]{section.3.1}{Introduction}{chapter.3}
\BOOKMARK [1][-]{section.3.2}{Preliminaries to new results}{chapter.3}
\BOOKMARK [1][-]{section.3.3}{Characterization of Feasible Tree Path Labeling}{chapter.3}
\BOOKMARK [2][-]{subsection.3.3.1}{ICPPL when given tree is a path}{section.3.3}
\BOOKMARK [1][-]{section.3.4}{ TPL with special target trees}{chapter.3}
\BOOKMARK [2][-]{subsection.3.4.1}{Testing for feasible path assignments to k-subdivided star}{section.3.4}
\BOOKMARK [1][-]{section.3.5}{ TPL with no restrictions}{chapter.3}
\BOOKMARK [0][-]{chapter.4}{Conclusion}{}
\BOOKMARK [0][-]{appendix.A}{Appendix A}{}
\BOOKMARK [1][-]{section*.8}{Bibliography}{appendix.A}
